C:\USERS\ITO.OHSHIMAT-PC\DESKTOP\ループ時間計測用SOMJ2\DLLSAMPLECPP\RELEASE\DLLSAMPLECPP.EXE.INTERMEDIATE.MANIFEST
C:\USERS\ITO.OHSHIMAT-PC\DESKTOP\ループ時間計測用SOMJ2\DLLSAMPLECPP\RELEASE\DLLSAMPLECPP.OBJ
C:\USERS\ITO.OHSHIMAT-PC\DESKTOP\ループ時間計測用SOMJ2\DLLSAMPLECPP\RELEASE\DLLSAMPLECPP.PCH
C:\USERS\ITO.OHSHIMAT-PC\DESKTOP\ループ時間計測用SOMJ2\DLLSAMPLECPP\RELEASE\DLLSAMPLECPP.RES
C:\USERS\ITO.OHSHIMAT-PC\DESKTOP\ループ時間計測用SOMJ2\DLLSAMPLECPP\RELEASE\DLLSAMPLECPPDLG.OBJ
C:\USERS\ITO.OHSHIMAT-PC\DESKTOP\ループ時間計測用SOMJ2\DLLSAMPLECPP\RELEASE\MFCCONSOLE.OBJ
C:\USERS\ITO.OHSHIMAT-PC\DESKTOP\ループ時間計測用SOMJ2\DLLSAMPLECPP\RELEASE\SCENE.OBJ
C:\USERS\ITO.OHSHIMAT-PC\DESKTOP\ループ時間計測用SOMJ2\DLLSAMPLECPP\RELEASE\STDAFX.OBJ
C:\USERS\ITO.OHSHIMAT-PC\DESKTOP\ループ時間計測用SOMJ2\DLLSAMPLECPP\RELEASE\VC100.PDB
C:\USERS\ITO.OHSHIMAT-PC\DESKTOP\ループ時間計測用SOMJ2\RELEASE\DLLSAMPLECPP.EXE
C:\USERS\ITO.OHSHIMAT-PC\DESKTOP\ループ時間計測用SOMJ2\RELEASE\DLLSAMPLECPP.PDB
C:\Users\ito.OHSHIMAT-PC\Desktop\ループ時間計測用SOMj2-test簡略\DllSampleCpp\Release\cl.command.1.tlog
C:\Users\ito.OHSHIMAT-PC\Desktop\ループ時間計測用SOMj2-test簡略\DllSampleCpp\Release\CL.read.1.tlog
C:\Users\ito.OHSHIMAT-PC\Desktop\ループ時間計測用SOMj2-test簡略\DllSampleCpp\Release\CL.write.1.tlog
C:\Users\ito.OHSHIMAT-PC\Desktop\ループ時間計測用SOMj2-test簡略\DllSampleCpp\Release\DllSampleCpp.exe.intermediate.manifest
C:\Users\ito.OHSHIMAT-PC\Desktop\ループ時間計測用SOMj2-test簡略\DllSampleCpp\Release\DllSampleCpp.obj
C:\Users\ito.OHSHIMAT-PC\Desktop\ループ時間計測用SOMj2-test簡略\DllSampleCpp\Release\DllSampleCpp.pch
C:\Users\ito.OHSHIMAT-PC\Desktop\ループ時間計測用SOMj2-test簡略\DllSampleCpp\Release\DllSampleCpp.res
C:\Users\ito.OHSHIMAT-PC\Desktop\ループ時間計測用SOMj2-test簡略\DllSampleCpp\Release\DllSampleCpp.vcxprojResolveAssemblyReference.cache
C:\Users\ito.OHSHIMAT-PC\Desktop\ループ時間計測用SOMj2-test簡略\DllSampleCpp\Release\DllSampleCpp.write.1.tlog
C:\Users\ito.OHSHIMAT-PC\Desktop\ループ時間計測用SOMj2-test簡略\DllSampleCpp\Release\DllSampleCppDlg.obj
C:\Users\ito.OHSHIMAT-PC\Desktop\ループ時間計測用SOMj2-test簡略\DllSampleCpp\Release\link.command.1.tlog
C:\Users\ito.OHSHIMAT-PC\Desktop\ループ時間計測用SOMj2-test簡略\DllSampleCpp\Release\link.read.1.tlog
C:\Users\ito.OHSHIMAT-PC\Desktop\ループ時間計測用SOMj2-test簡略\DllSampleCpp\Release\link.write.1.tlog
C:\Users\ito.OHSHIMAT-PC\Desktop\ループ時間計測用SOMj2-test簡略\DllSampleCpp\Release\link-cvtres.read.1.tlog
C:\Users\ito.OHSHIMAT-PC\Desktop\ループ時間計測用SOMj2-test簡略\DllSampleCpp\Release\link-cvtres.write.1.tlog
C:\Users\ito.OHSHIMAT-PC\Desktop\ループ時間計測用SOMj2-test簡略\DllSampleCpp\Release\mfcconsole.obj
C:\Users\ito.OHSHIMAT-PC\Desktop\ループ時間計測用SOMj2-test簡略\DllSampleCpp\Release\mt.command.1.tlog
C:\Users\ito.OHSHIMAT-PC\Desktop\ループ時間計測用SOMj2-test簡略\DllSampleCpp\Release\mt.read.1.tlog
C:\Users\ito.OHSHIMAT-PC\Desktop\ループ時間計測用SOMj2-test簡略\DllSampleCpp\Release\mt.write.1.tlog
C:\Users\ito.OHSHIMAT-PC\Desktop\ループ時間計測用SOMj2-test簡略\DllSampleCpp\Release\rc.command.1.tlog
C:\Users\ito.OHSHIMAT-PC\Desktop\ループ時間計測用SOMj2-test簡略\DllSampleCpp\Release\rc.read.1.tlog
C:\Users\ito.OHSHIMAT-PC\Desktop\ループ時間計測用SOMj2-test簡略\DllSampleCpp\Release\rc.write.1.tlog
C:\Users\ito.OHSHIMAT-PC\Desktop\ループ時間計測用SOMj2-test簡略\DllSampleCpp\Release\Scene.obj
C:\Users\ito.OHSHIMAT-PC\Desktop\ループ時間計測用SOMj2-test簡略\DllSampleCpp\Release\stdafx.obj
C:\Users\ito.OHSHIMAT-PC\Desktop\ループ時間計測用SOMj2-test簡略\DllSampleCpp\Release\vc100.pdb
C:\Users\ito.OHSHIMAT-PC\Desktop\ループ時間計測用SOMj2-test簡略\Release\DllSampleCpp.exe
C:\Users\ito.OHSHIMAT-PC\Desktop\ループ時間計測用SOMj2-test簡略\Release\DllSampleCpp.pdb
