2017/05/19 17:56:41 にビルドを開始しました。
     1>ノード 2 上のプロジェクト "C:\Users\ito.OHSHIMAT-PC\Desktop\SOM_ang\DllSampleCpp\DllSampleCpp.vcxproj" (build ターゲット)。
     1>InitializeBuildStatus:
         "Release\DllSampleCpp.unsuccessfulbuild" のタッチ タスクを実行しています。
       ClCompile:
         すべての出力が最新のものです。
         すべての出力が最新のものです。
       ResourceCompile:
         すべての出力が最新のものです。
       Link:
         C:\Program Files (x86)\Microsoft Visual Studio 10.0\VC\bin\link.exe /ERRORREPORT:PROMPT /OUT:"C:\Users\ito.OHSHIMAT-PC\Desktop\SOM_ang\Release\DllSampleCpp.exe" /INCREMENTAL:NO /NOLOGO /LIBPATH:"D:\2014年度\CUDA\cuda_by_example\lib" /MANIFEST /ManifestFile:"Release\DllSampleCpp.exe.intermediate.manifest" /MANIFESTUAC:"level='asInvoker' uiAccess='false'" /DEBUG /PDB:"C:\Users\ito.OHSHIMAT-PC\Desktop\SOM_ang\Release\DllSampleCpp.pdb" /SUBSYSTEM:CONSOLE /OPT:REF /OPT:ICF /LTCG /TLBID:1 /DYNAMICBASE /NXCOMPAT /IMPLIB:"C:\Users\ito.OHSHIMAT-PC\Desktop\SOM_ang\Release\DllSampleCpp.lib" /MACHINE:X86 Release\DllSampleCpp.res
         Release\DllSampleCpp.obj
         Release\DllSampleCppDlg.obj
         Release\mfcconsole.obj
         Release\Scene.obj
         Release\stdafx.obj
         コード生成しています。
     1>c:\users\ito.ohshimat-pc\desktop\som_ang\dllsamplecpp\dllsamplecppdlg.cpp(1673): warning C4715: 'CDllSampleCppDlg::PreTranslateMessage' : 値を返さないコントロール パスがあります。
         コード生成が終了しました。
         DllSampleCpp.vcxproj -> C:\Users\ito.OHSHIMAT-PC\Desktop\SOM_ang\Release\DllSampleCpp.exe
       Manifest:
         C:\Program Files (x86)\Microsoft SDKs\Windows\v7.0A\bin\mt.exe /nologo /verbose /outputresource:"C:\Users\ito.OHSHIMAT-PC\Desktop\SOM_ang\Release\DllSampleCpp.exe;#1" /manifest Release\DllSampleCpp.exe.intermediate.manifest "C:\Program Files (x86)\Microsoft Visual Studio 10.0\VC\Include\Manifest\dpiaware.manifest"
       FinalizeBuildStatus:
         ファイル "Release\DllSampleCpp.unsuccessfulbuild" を削除しています。
         "Release\DllSampleCpp.lastbuildstate" のタッチ タスクを実行しています。
     1>プロジェクト "C:\Users\ito.OHSHIMAT-PC\Desktop\SOM_ang\DllSampleCpp\DllSampleCpp.vcxproj" (build ターゲット) のビルドが完了しました。

ビルドに成功しました。

経過時間 00:00:01.00
